2022-09-22 09:56:03.050  INFO 24864 --- [restartedMain] com.openclassrooms.api.ApiApplication    : Starting ApiApplication using Java 13.0.1 on MacBook-Pro with PID 24864 (/Users/new/eclipse-workspace/p5/target/classes started by new in /Users/new/eclipse-workspace/p5)
2022-09-22 09:56:03.052  INFO 24864 --- [restartedMain] com.openclassrooms.api.ApiApplication    : No active profile set, falling back to 1 default profile: "default"
2022-09-22 09:56:04.560  INFO 24864 --- [restartedMain] o.s.b.w.embedded.tomcat.TomcatWebServer  : Tomcat initialized with port(s): 9091 (http)
2022-09-22 09:56:06.132  INFO 24864 --- [restartedMain] o.s.b.w.embedded.tomcat.TomcatWebServer  : Tomcat started on port(s): 9091 (http) with context path ''
2022-09-22 09:56:06.149  INFO 24864 --- [restartedMain] com.openclassrooms.api.ApiApplication    : Started ApiApplication in 3.548 seconds (JVM running for 4.363)
2022-09-22 09:56:07.944  INFO 24864 --- [RMI TCP Connection(3)-127.0.0.1] o.s.web.servlet.DispatcherServlet        : Initializing Servlet 'dispatcherServlet'
2022-09-22 09:56:07.947  INFO 24864 --- [RMI TCP Connection(3)-127.0.0.1] o.s.web.servlet.DispatcherServlet        : Completed initialization in 2 ms
2022-09-22 09:56:16.361  INFO 24864 --- [http-nio-9091-exec-1] c.o.api.configuration.LoggingFilter      : FINISHED PROCESSING : METHOD=GET; REQUESTURI=/actuator; REQUEST PAYLOAD=; RESPONSE CODE=200; RESPONSE={"_links":{"self":{"href":"http://localhost:9091/actuator","templated":false},"beans":{"href":"http://localhost:9091/actuator/beans","templated":false},"caches-cache":{"href":"http://localhost:9091/actuator/caches/{cache}","templated":true},"caches":{"href":"http://localhost:9091/actuator/caches","templated":false},"health":{"href":"http://localhost:9091/actuator/health","templated":false},"health-path":{"href":"http://localhost:9091/actuator/health/{*path}","templated":true},"info":{"href":"http://localhost:9091/actuator/info","templated":false},"conditions":{"href":"http://localhost:9091/actuator/conditions","templated":false},"configprops":{"href":"http://localhost:9091/actuator/configprops","templated":false},"configprops-prefix":{"href":"http://localhost:9091/actuator/configprops/{prefix}","templated":true},"env":{"href":"http://localhost:9091/actuator/env","templated":false},"env-toMatch":{"href":"http://localhost:9091/actuator/env/{toMatch}","templated":true},"logfile":{"href":"http://localhost:9091/actuator/logfile","templated":false},"loggers":{"href":"http://localhost:9091/actuator/loggers","templated":false},"loggers-name":{"href":"http://localhost:9091/actuator/loggers/{name}","templated":true},"heapdump":{"href":"http://localhost:9091/actuator/heapdump","templated":false},"threaddump":{"href":"http://localhost:9091/actuator/threaddump","templated":false},"metrics-requiredMetricName":{"href":"http://localhost:9091/actuator/metrics/{requiredMetricName}","templated":true},"metrics":{"href":"http://localhost:9091/actuator/metrics","templated":false},"scheduledtasks":{"href":"http://localhost:9091/actuator/scheduledtasks","templated":false},"httptrace":{"href":"http://localhost:9091/actuator/httptrace","templated":false},"mappings":{"href":"http://localhost:9091/actuator/mappings","templated":false}}}; TIM TAKEN=29
2022-09-22 09:56:30.569  INFO 24864 --- [http-nio-9091-exec-3] c.o.api.configuration.LoggingFilter      : FINISHED PROCESSING : METHOD=GET; REQUESTURI=/actuator/health; REQUEST PAYLOAD=; RESPONSE CODE=200; RESPONSE={"status":"UP","components":{"diskSpace":{"status":"UP","details":{"total":500068036608,"free":9509625856,"threshold":10485760,"exists":true}},"ping":{"status":"UP"}}}; TIM TAKEN=17
2022-09-22 09:56:38.324  INFO 24864 --- [http-nio-9091-exec-4] c.o.api.configuration.LoggingFilter      : FINISHED PROCESSING : METHOD=GET; REQUESTURI=/actuator/httptrace; REQUEST PAYLOAD=; RESPONSE CODE=200; RESPONSE={"traces":[{"timestamp":"2022-09-22T07:56:30.552474Z","principal":null,"session":null,"request":{"method":"GET","uri":"http://localhost:9091/actuator/health","headers":{"postman-token":["a0433565-5626-4ef2-8343-b29fdd788049"],"host":["localhost:9091"],"connection":["keep-alive"],"accept-encoding":["gzip, deflate, br"],"user-agent":["PostmanRuntime/7.29.2"],"accept":["*/*"]},"remoteAddress":null},"response":{"status":200,"headers":{"Keep-Alive":["timeout=60"],"Connection":["keep-alive"],"Content-Length":["167"],"Date":["Thu, 22 Sep 2022 07:56:30 GMT"],"Content-Type":["application/vnd.spring-boot.actuator.v3+json"]}},"timeTaken":17},{"timestamp":"2022-09-22T07:56:16.327648Z","principal":null,"session":null,"request":{"method":"GET","uri":"http://localhost:9091/actuator","headers":{"postman-token":["88a765a4-a062-488b-b620-fbe8e5f09ccd"],"host":["localhost:9091"],"connection":["keep-alive"],"accept-encoding":["gzip, deflate, br"],"user-agent":["PostmanRuntime/7.29.2"],"accept":["*/*"]},"remoteAddress":null},"response":{"status":200,"headers":{"Keep-Alive":["timeout=60"],"Connection":["keep-alive"],"Content-Length":["1840"],"Date":["Thu, 22 Sep 2022 07:56:16 GMT"],"Content-Type":["application/vnd.spring-boot.actuator.v3+json"]}},"timeTaken":38}]}; TIM TAKEN=8
2022-09-22 09:57:00.935  INFO 24864 --- [http-nio-9091-exec-5] c.o.api.controller.PersonController      : Get a List of persons --> http://localhost:9091/persons/ 
2022-09-22 09:57:00.939  INFO 24864 --- [http-nio-9091-exec-5] c.o.api.configuration.LoggingFilter      : FINISHED PROCESSING : METHOD=GET; REQUESTURI=/persons/; REQUEST PAYLOAD=; RESPONSE CODE=200; RESPONSE=[{"firstName":"John","lastName":"Boyd","address":"1509 Culver St","city":"Culver","zip":"97451","phone":"841-874-6512","email":"jaboyd@email.com"},{"firstName":"Jacob","lastName":"Boyd","address":"1509 Culver St","city":"Culver","zip":"97451","phone":"841-874-6513","email":"drk@email.com"},{"firstName":"Tenley","lastName":"Boyd","address":"1509 Culver St","city":"Culver","zip":"97451","phone":"841-874-6512","email":"tenz@email.com"},{"firstName":"Roger","lastName":"Boyd","address":"1509 Culver St","city":"Culver","zip":"97451","phone":"841-874-6512","email":"jaboyd@email.com"},{"firstName":"Felicia","lastName":"Boyd","address":"1509 Culver St","city":"Culver","zip":"97451","phone":"841-874-6544","email":"jaboyd@email.com"},{"firstName":"Jonanathan","lastName":"Marrack","address":"29 15th St","city":"Culver","zip":"97451","phone":"841-874-6513","email":"drk@email.com"},{"firstName":"Tessa","lastName":"Carman","address":"834 Binoc Ave","city":"Culver","zip":"97451","phone":"841-874-6512","email":"tenz@email.com"},{"firstName":"Peter","lastName":"Duncan","address":"644 Gershwin Cir","city":"Culver","zip":"97451","phone":"841-874-6512","email":"jaboyd@email.com"},{"firstName":"Foster","lastName":"Shepard","address":"748 Townings Dr","city":"Culver","zip":"97451","phone":"841-874-6544","email":"jaboyd@email.com"},{"firstName":"Tony","lastName":"Cooper","address":"112 Steppes Pl","city":"Culver","zip":"97451","phone":"841-874-6874","email":"tcoop@ymail.com"},{"firstName":"Lily","lastName":"Cooper","address":"489 Manchester St","city":"Culver","zip":"97451","phone":"841-874-9845","email":"lily@email.com"},{"firstName":"Sophia","lastName":"Zemicks","address":"892 Downing Ct","city":"Culver","zip":"97451","phone":"841-874-7878","email":"soph@email.com"},{"firstName":"Warren","lastName":"Zemicks","address":"892 Downing Ct","city":"Culver","zip":"97451","phone":"841-874-7512","email":"ward@email.com"},{"firstName":"Zach","lastName":"Zemicks","address":"892 Downing Ct","city":"Culver","zip":"97451","phone":"841-874-7512","email":"zarc@email.com"},{"firstName":"Reginold","lastName":"Walker","address":"908 73rd St","city":"Culver","zip":"97451","phone":"841-874-8547","email":"reg@email.com"},{"firstName":"Jamie","lastName":"Peters","address":"908 73rd St","city":"Culver","zip":"97451","phone":"841-874-7462","email":"jpeter@email.com"},{"firstName":"Ron","lastName":"Peters","address":"112 Steppes Pl","city":"Culver","zip":"97451","phone":"841-874-8888","email":"jpeter@email.com"},{"firstName":"Allison","lastName":"Boyd","address":"112 Steppes Pl","city":"Culver","zip":"97451","phone":"841-874-9888","email":"aly@imail.com"},{"firstName":"Brian","lastName":"Stelzer","address":"947 E. Rose Dr","city":"Culver","zip":"97451","phone":"841-874-7784","email":"bstel@email.com"},{"firstName":"Shawna","lastName":"Stelzer","address":"947 E. Rose Dr","city":"Culver","zip":"97451","phone":"841-874-7784","email":"ssanw@email.com"},{"firstName":"Kendrik","lastName":"Stelzer","address":"947 E. Rose Dr","city":"Culver","zip":"97451","phone":"841-874-7784","email":"bstel@email.com"},{"firstName":"Clive","lastName":"Ferguson","address":"748 Townings Dr","city":"Culver","zip":"97451","phone":"841-874-6741","email":"clivfd@ymail.com"},{"firstName":"Eric","lastName":"Cadigan","address":"951 LoneTree Rd","city":"Culver","zip":"97451","phone":"841-874-7458","email":"gramps@email.com"}]; TIM TAKEN=9
2022-09-22 09:57:06.351  WARN 24864 --- [http-nio-9091-exec-6] .w.s.m.s.DefaultHandlerExceptionResolver : Resolved [org.springframework.web.HttpRequestMethodNotSupportedException: Request method 'GET' not supported]
2022-09-22 09:57:06.352  INFO 24864 --- [http-nio-9091-exec-6] c.o.api.configuration.LoggingFilter      : FINISHED PROCESSING : METHOD=GET; REQUESTURI=/persons/firstName=John&lastName=Boyd; REQUEST PAYLOAD=; RESPONSE CODE=405; RESPONSE=; TIM TAKEN=4
2022-09-22 09:57:13.990  INFO 24864 --- [http-nio-9091-exec-7] c.o.a.c.MedicalRecordController          :  Get a List of Medical Records --> http://localhost:9091/medicalrecord/
2022-09-22 09:57:14.000  INFO 24864 --- [http-nio-9091-exec-7] c.o.api.configuration.LoggingFilter      : FINISHED PROCESSING : METHOD=GET; REQUESTURI=/medicalrecord; REQUEST PAYLOAD=; RESPONSE CODE=200; RESPONSE=[{"firstName":"John","lastName":"Boyd","birthdate":"03/06/1984","medications":["aznol:350mg","hydrapermazol:100mg"],"allergies":["nillacilan"]},{"firstName":"Jacob","lastName":"Boyd","birthdate":"03/06/1989","medications":["pharmacol:5000mg","terazine:10mg","noznazol:250mg"],"allergies":[]},{"firstName":"Tenley","lastName":"Boyd","birthdate":"02/18/2012","medications":[],"allergies":["peanut"]},{"firstName":"Roger","lastName":"Boyd","birthdate":"09/06/2017","medications":[],"allergies":[]},{"firstName":"Felicia","lastName":"Boyd","birthdate":"01/08/1986","medications":["tetracyclaz:650mg"],"allergies":["xilliathal"]},{"firstName":"Jonanathan","lastName":"Marrack","birthdate":"01/03/1989","medications":[],"allergies":[]},{"firstName":"Tessa","lastName":"Carman","birthdate":"02/18/2012","medications":[],"allergies":[]},{"firstName":"Peter","lastName":"Duncan","birthdate":"09/06/2000","medications":[],"allergies":["shellfish"]},{"firstName":"Foster","lastName":"Shepard","birthdate":"01/08/1980","medications":[],"allergies":[]},{"firstName":"Tony","lastName":"Cooper","birthdate":"03/06/1994","medications":["hydrapermazol:300mg","dodoxadin:30mg"],"allergies":["shellfish"]},{"firstName":"Lily","lastName":"Cooper","birthdate":"03/06/1994","medications":[],"allergies":[]},{"firstName":"Sophia","lastName":"Zemicks","birthdate":"03/06/1988","medications":["aznol:60mg","hydrapermazol:900mg","pharmacol:5000mg","terazine:500mg"],"allergies":["peanut","shellfish","aznol"]},{"firstName":"Warren","lastName":"Zemicks","birthdate":"03/06/1985","medications":[],"allergies":[]},{"firstName":"Zach","lastName":"Zemicks","birthdate":"03/06/2017","medications":[],"allergies":[]},{"firstName":"Reginold","lastName":"Walker","birthdate":"08/30/1979","medications":["thradox:700mg"],"allergies":["illisoxian"]},{"firstName":"Jamie","lastName":"Peters","birthdate":"03/06/1982","medications":[],"allergies":[]},{"firstName":"Ron","lastName":"Peters","birthdate":"04/06/1965","medications":[],"allergies":[]},{"firstName":"Allison","lastName":"Boyd","birthdate":"03/15/1965","medications":["aznol:200mg"],"allergies":["nillacilan"]},{"firstName":"Brian","lastName":"Stelzer","birthdate":"12/06/1975","medications":["ibupurin:200mg","hydrapermazol:400mg"],"allergies":["nillacilan"]},{"firstName":"Shawna","lastName":"Stelzer","birthdate":"07/08/1980","medications":[],"allergies":[]},{"firstName":"Kendrik","lastName":"Stelzer","birthdate":"03/06/2014","medications":["noxidian:100mg","pharmacol:2500mg"],"allergies":[]},{"firstName":"Clive","lastName":"Ferguson","birthdate":"03/06/1994","medications":[],"allergies":[]},{"firstName":"Eric","lastName":"Cadigan","birthdate":"08/06/1945","medications":["tradoxidine:400mg"],"allergies":[]}]; TIM TAKEN=11
2022-09-22 09:57:19.630  INFO 24864 --- [http-nio-9091-exec-8] c.o.a.controller.FirestationController   : GET a List of Firestations --> http://localhost:9091/firestation/ 
2022-09-22 09:57:19.631  INFO 24864 --- [http-nio-9091-exec-8] c.o.api.service.FirestationServiceImpl   : Get All Firestations 
2022-09-22 09:57:19.639  INFO 24864 --- [http-nio-9091-exec-8] c.o.a.controller.FirestationController   : [Firestation [address=1509 Culver St, station=3], Firestation [address=29 15th St, station=2], Firestation [address=834 Binoc Ave, station=3], Firestation [address=644 Gershwin Cir, station=1], Firestation [address=748 Townings Dr, station=3], Firestation [address=112 Steppes Pl, station=3], Firestation [address=489 Manchester St, station=4], Firestation [address=892 Downing Ct, station=2], Firestation [address=908 73rd St, station=1], Firestation [address=112 Steppes Pl, station=4], Firestation [address=947 E. Rose Dr, station=1], Firestation [address=748 Townings Dr, station=3], Firestation [address=951 LoneTree Rd, station=2]]
2022-09-22 09:57:19.639  INFO 24864 --- [http-nio-9091-exec-8] c.o.api.service.FirestationServiceImpl   : Get All Firestations 
2022-09-22 09:57:19.641  INFO 24864 --- [http-nio-9091-exec-8] c.o.api.configuration.LoggingFilter      : FINISHED PROCESSING : METHOD=GET; REQUESTURI=/firestation/; REQUEST PAYLOAD=; RESPONSE CODE=200; RESPONSE=[{"address":"1509 Culver St","station":"3"},{"address":"29 15th St","station":"2"},{"address":"834 Binoc Ave","station":"3"},{"address":"644 Gershwin Cir","station":"1"},{"address":"748 Townings Dr","station":"3"},{"address":"112 Steppes Pl","station":"3"},{"address":"489 Manchester St","station":"4"},{"address":"892 Downing Ct","station":"2"},{"address":"908 73rd St","station":"1"},{"address":"112 Steppes Pl","station":"4"},{"address":"947 E. Rose Dr","station":"1"},{"address":"748 Townings Dr","station":"3"},{"address":"951 LoneTree Rd","station":"2"}]; TIM TAKEN=12
2022-09-22 09:57:36.741  INFO 24864 --- [http-nio-9091-exec-9] c.o.a.controller.FirestationController   :  GET http://localhost:9091/firestation?stationNumber=<station_number>
2022-09-22 09:57:36.741  INFO 24864 --- [http-nio-9091-exec-9] c.o.api.service.ServiceClassImpl         :  http://localhost:8080/firestation?stationNumber=<station_number> 
2022-09-22 09:57:36.741  INFO 24864 --- [http-nio-9091-exec-9] c.o.api.service.ServiceClassImpl         : Get the COUNT of persons by station : 2
2022-09-22 09:57:36.747 DEBUG 24864 --- [http-nio-9091-exec-9] c.o.api.service.ServiceClassImpl         : Calculate Age for this Birthdate : 01/03/1989
2022-09-22 09:57:36.752 DEBUG 24864 --- [http-nio-9091-exec-9] c.o.api.service.ServiceClassImpl         : Calculate Age for this Birthdate : 03/06/1988
2022-09-22 09:57:36.753 DEBUG 24864 --- [http-nio-9091-exec-9] c.o.api.service.ServiceClassImpl         : Calculate Age for this Birthdate : 03/06/1985
2022-09-22 09:57:36.753 DEBUG 24864 --- [http-nio-9091-exec-9] c.o.api.service.ServiceClassImpl         : Calculate Age for this Birthdate : 03/06/2017
2022-09-22 09:57:36.753 DEBUG 24864 --- [http-nio-9091-exec-9] c.o.api.service.ServiceClassImpl         : Calculate Age for this Birthdate : 08/06/1945
2022-09-22 09:57:36.757  INFO 24864 --- [http-nio-9091-exec-9] c.o.api.configuration.LoggingFilter      : FINISHED PROCESSING : METHOD=GET; REQUESTURI=/firestationCount; REQUEST PAYLOAD=; RESPONSE CODE=200; RESPONSE={"sizechild":1,"sizeperson":4,"personList":[{"firstname":"Zach","lastname":"Zemicks","phone":"841-874-7512","address":"892 Downing Ct","age":5},{"firstname":"Jonanathan","lastname":"Marrack","phone":"841-874-6513","address":"29 15th St","age":33},{"firstname":"Sophia","lastname":"Zemicks","phone":"841-874-7878","address":"892 Downing Ct","age":34},{"firstname":"Warren","lastname":"Zemicks","phone":"841-874-7512","address":"892 Downing Ct","age":37},{"firstname":"Eric","lastname":"Cadigan","phone":"841-874-7458","address":"951 LoneTree Rd","age":77}]}; TIM TAKEN=20
2022-09-22 09:58:57.756  INFO 24864 --- [http-nio-9091-exec-1] c.o.api.controller.PersonController      : GET http://localhost:9091/childAlert?address=<address>
2022-09-22 09:58:57.757  INFO 24864 --- [http-nio-9091-exec-1] c.o.api.service.ServiceClassImpl         :  ChildAlert EndPoint
2022-09-22 09:58:57.757  INFO 24864 --- [http-nio-9091-exec-1] c.o.api.service.ServiceClassImpl         :  Get the list of the child live in this addresse1509 Culver St
2022-09-22 09:58:57.757 DEBUG 24864 --- [http-nio-9091-exec-1] c.o.api.service.ServiceClassImpl         : Calculate Age for this Birthdate : 03/06/1984
2022-09-22 09:58:57.758 DEBUG 24864 --- [http-nio-9091-exec-1] c.o.api.service.ServiceClassImpl         : Calculate Age for this Birthdate : 03/06/1989
2022-09-22 09:58:57.759 DEBUG 24864 --- [http-nio-9091-exec-1] c.o.api.service.ServiceClassImpl         : Calculate Age for this Birthdate : 02/18/2012
2022-09-22 09:58:57.759 DEBUG 24864 --- [http-nio-9091-exec-1] c.o.api.service.ServiceClassImpl         : Calculate Age for this Birthdate : 09/06/2017
2022-09-22 09:58:57.760 DEBUG 24864 --- [http-nio-9091-exec-1] c.o.api.service.ServiceClassImpl         : Calculate Age for this Birthdate : 01/08/1986
2022-09-22 09:58:57.764  INFO 24864 --- [http-nio-9091-exec-1] c.o.api.configuration.LoggingFilter      : FINISHED PROCESSING : METHOD=GET; REQUESTURI=/childAlert; REQUEST PAYLOAD=; RESPONSE CODE=200; RESPONSE=[{"firstname":"Tenley","lastname":"Boyd","age":9,"personalert":[{"firstname":"John","lastname":"Boyd","age":38},{"firstname":"Jacob","lastname":"Boyd","age":33},{"firstname":"Felicia","lastname":"Boyd","age":36}]},{"firstname":"Roger","lastname":"Boyd","age":5,"personalert":[{"firstname":"John","lastname":"Boyd","age":38},{"firstname":"Jacob","lastname":"Boyd","age":33},{"firstname":"Felicia","lastname":"Boyd","age":36}]}]; TIM TAKEN=9
2022-09-22 09:59:23.380  INFO 24864 --- [http-nio-9091-exec-3] c.o.a.controller.FirestationController   : GET http://localhost:9091/phoneAlert?firestation=<firestation_number>
2022-09-22 09:59:23.380  INFO 24864 --- [http-nio-9091-exec-3] c.o.api.service.ServiceClassImpl         :  PhoneAlert Endpoint 
2022-09-22 09:59:23.381  INFO 24864 --- [http-nio-9091-exec-3] c.o.api.service.ServiceClassImpl         :  Get the phone List coverd by this station's number : 1
2022-09-22 09:59:23.382  INFO 24864 --- [http-nio-9091-exec-3] c.o.api.configuration.LoggingFilter      : FINISHED PROCESSING : METHOD=GET; REQUESTURI=/phoneAlert; REQUEST PAYLOAD=; RESPONSE CODE=200; RESPONSE=["841-874-6512","841-874-8547","841-874-7462","841-874-7784","841-874-7784","841-874-7784"]; TIM TAKEN=3
2022-09-22 09:59:39.206  INFO 24864 --- [http-nio-9091-exec-4] c.o.a.controller.FirestationController   : GET http://localhost:9091/fire?address=<address>
2022-09-22 09:59:39.206  INFO 24864 --- [http-nio-9091-exec-4] c.o.a.controller.FirestationController   : Get a List of persons Live in this address & NumberStation
2022-09-22 09:59:39.206  INFO 24864 --- [http-nio-9091-exec-4] c.o.api.service.ServiceClassImpl         :  Fire EndPoint 
2022-09-22 09:59:39.206  INFO 24864 --- [http-nio-9091-exec-4] c.o.api.service.ServiceClassImpl         :  Get the list of the persons live in this address 1509 Culver Stand covered by this number station 
2022-09-22 09:59:39.207 DEBUG 24864 --- [http-nio-9091-exec-4] c.o.api.service.ServiceClassImpl         : Calculate Age for this Birthdate : 03/06/1984
2022-09-22 09:59:39.207 DEBUG 24864 --- [http-nio-9091-exec-4] c.o.api.service.ServiceClassImpl         : Calculate Age for this Birthdate : 03/06/1989
2022-09-22 09:59:39.207 DEBUG 24864 --- [http-nio-9091-exec-4] c.o.api.service.ServiceClassImpl         : Calculate Age for this Birthdate : 02/18/2012
2022-09-22 09:59:39.207 DEBUG 24864 --- [http-nio-9091-exec-4] c.o.api.service.ServiceClassImpl         : Calculate Age for this Birthdate : 09/06/2017
2022-09-22 09:59:39.208 DEBUG 24864 --- [http-nio-9091-exec-4] c.o.api.service.ServiceClassImpl         : Calculate Age for this Birthdate : 01/08/1986
2022-09-22 09:59:39.210  INFO 24864 --- [http-nio-9091-exec-4] c.o.api.configuration.LoggingFilter      : FINISHED PROCESSING : METHOD=GET; REQUESTURI=/fire; REQUEST PAYLOAD=; RESPONSE CODE=200; RESPONSE={"firestationNumber":"3","listPersonMedicalRecordFireDTO":[{"name":"John Boyd","phone":"841-874-6512","age":38,"medications":["aznol:350mg","hydrapermazol:100mg"],"allergies":["nillacilan"]},{"name":"Jacob Boyd","phone":"841-874-6513","age":33,"medications":["pharmacol:5000mg","terazine:10mg","noznazol:250mg"],"allergies":[]},{"name":"Tenley Boyd","phone":"841-874-6512","age":9,"medications":[],"allergies":["peanut"]},{"name":"Roger Boyd","phone":"841-874-6512","age":5,"medications":[],"allergies":[]},{"name":"Felicia Boyd","phone":"841-874-6544","age":36,"medications":["tetracyclaz:650mg"],"allergies":["xilliathal"]}]}; TIM TAKEN=5
2022-09-22 09:59:44.829  INFO 24864 --- [http-nio-9091-exec-5] c.o.a.controller.FirestationController   : GET http://localhost:9091/fire?address=<address>
2022-09-22 09:59:44.829  INFO 24864 --- [http-nio-9091-exec-5] c.o.a.controller.FirestationController   : Get a List of persons Live in this address & NumberStation
2022-09-22 09:59:44.829  INFO 24864 --- [http-nio-9091-exec-5] c.o.api.service.ServiceClassImpl         :  Fire EndPoint 
2022-09-22 09:59:44.829  INFO 24864 --- [http-nio-9091-exec-5] c.o.api.service.ServiceClassImpl         :  Get the list of the persons live in this address 908 73rd Stand covered by this number station 
2022-09-22 09:59:44.829 DEBUG 24864 --- [http-nio-9091-exec-5] c.o.api.service.ServiceClassImpl         : Calculate Age for this Birthdate : 08/30/1979
2022-09-22 09:59:44.830 DEBUG 24864 --- [http-nio-9091-exec-5] c.o.api.service.ServiceClassImpl         : Calculate Age for this Birthdate : 03/06/1982
2022-09-22 09:59:44.831  INFO 24864 --- [http-nio-9091-exec-5] c.o.api.configuration.LoggingFilter      : FINISHED PROCESSING : METHOD=GET; REQUESTURI=/fire; REQUEST PAYLOAD=; RESPONSE CODE=200; RESPONSE={"firestationNumber":"1","listPersonMedicalRecordFireDTO":[{"name":"Reginold Walker","phone":"841-874-8547","age":41,"medications":["thradox:700mg"],"allergies":["illisoxian"]},{"name":"Jamie Peters","phone":"841-874-7462","age":40,"medications":[],"allergies":[]}]}; TIM TAKEN=3
2022-09-22 09:59:57.721  INFO 24864 --- [http-nio-9091-exec-6] c.o.a.controller.FirestationController   : GET http://localhost:9091/flood/stations?stations=<station_numbers>
2022-09-22 09:59:57.722 DEBUG 24864 --- [http-nio-9091-exec-6] c.o.api.service.ServiceClassImpl         : Calculate Age for this Birthdate : 01/03/1989
2022-09-22 09:59:57.722 DEBUG 24864 --- [http-nio-9091-exec-6] c.o.api.service.ServiceClassImpl         : Calculate Age for this Birthdate : 03/06/1988
2022-09-22 09:59:57.723 DEBUG 24864 --- [http-nio-9091-exec-6] c.o.api.service.ServiceClassImpl         : Calculate Age for this Birthdate : 03/06/1985
2022-09-22 09:59:57.723 DEBUG 24864 --- [http-nio-9091-exec-6] c.o.api.service.ServiceClassImpl         : Calculate Age for this Birthdate : 03/06/2017
2022-09-22 09:59:57.724 DEBUG 24864 --- [http-nio-9091-exec-6] c.o.api.service.ServiceClassImpl         : Calculate Age for this Birthdate : 08/06/1945
2022-09-22 09:59:57.728  INFO 24864 --- [http-nio-9091-exec-6] c.o.api.configuration.LoggingFilter      : FINISHED PROCESSING : METHOD=GET; REQUESTURI=/flood/stations; REQUEST PAYLOAD=; RESPONSE CODE=200; RESPONSE={"951 LoneTree Rd":[{"name":"Eric Cadigan","phone":"841-874-7458","address":"951 LoneTree Rd","age":77,"medications":["tradoxidine:400mg"],"allergies":[]}],"892 Downing Ct":[{"name":"Sophia Zemicks","phone":"841-874-7878","address":"892 Downing Ct","age":34,"medications":["aznol:60mg","hydrapermazol:900mg","pharmacol:5000mg","terazine:500mg"],"allergies":["peanut","shellfish","aznol"]},{"name":"Warren Zemicks","phone":"841-874-7512","address":"892 Downing Ct","age":37,"medications":[],"allergies":[]},{"name":"Zach Zemicks","phone":"841-874-7512","address":"892 Downing Ct","age":5,"medications":[],"allergies":[]}],"29 15th St":[{"name":"Jonanathan Marrack","phone":"841-874-6513","address":"29 15th St","age":33,"medications":[],"allergies":[]}]}; TIM TAKEN=8
2022-09-22 10:00:15.700  INFO 24864 --- [http-nio-9091-exec-7] c.o.api.controller.PersonController      : GET http://localhost:9091/personInfo?firstName=<firstName>&lastName=<lastName> 
2022-09-22 10:00:15.700  INFO 24864 --- [http-nio-9091-exec-7] c.o.api.service.ServiceClassImpl         : getPersonInfo service 
2022-09-22 10:00:15.701 DEBUG 24864 --- [http-nio-9091-exec-7] c.o.api.service.ServiceClassImpl         : Calculate Age for this Birthdate : 03/06/1984
2022-09-22 10:00:15.701 DEBUG 24864 --- [http-nio-9091-exec-7] c.o.api.service.ServiceClassImpl         : Calculate Age for this Birthdate : 03/06/1989
2022-09-22 10:00:15.701 DEBUG 24864 --- [http-nio-9091-exec-7] c.o.api.service.ServiceClassImpl         : Calculate Age for this Birthdate : 02/18/2012
2022-09-22 10:00:15.702 DEBUG 24864 --- [http-nio-9091-exec-7] c.o.api.service.ServiceClassImpl         : Calculate Age for this Birthdate : 09/06/2017
2022-09-22 10:00:15.702 DEBUG 24864 --- [http-nio-9091-exec-7] c.o.api.service.ServiceClassImpl         : Calculate Age for this Birthdate : 01/08/1986
2022-09-22 10:00:15.702 DEBUG 24864 --- [http-nio-9091-exec-7] c.o.api.service.ServiceClassImpl         : Calculate Age for this Birthdate : 03/15/1965
2022-09-22 10:00:15.705  INFO 24864 --- [http-nio-9091-exec-7] c.o.api.configuration.LoggingFilter      : FINISHED PROCESSING : METHOD=GET; REQUESTURI=/personInfo; REQUEST PAYLOAD=; RESPONSE CODE=200; RESPONSE=[{"name":"John Boyd","address":"1509 Culver St","age":38,"email":"jaboyd@email.com","medications":["aznol:350mg","hydrapermazol:100mg"],"allergies":["nillacilan"]},{"name":"Jacob Boyd","address":"1509 Culver St","age":33,"email":"drk@email.com","medications":["pharmacol:5000mg","terazine:10mg","noznazol:250mg"],"allergies":[]},{"name":"Tenley Boyd","address":"1509 Culver St","age":9,"email":"tenz@email.com","medications":[],"allergies":["peanut"]},{"name":"Roger Boyd","address":"1509 Culver St","age":5,"email":"jaboyd@email.com","medications":[],"allergies":[]},{"name":"Felicia Boyd","address":"1509 Culver St","age":36,"email":"jaboyd@email.com","medications":["tetracyclaz:650mg"],"allergies":["xilliathal"]},{"name":"Allison Boyd","address":"112 Steppes Pl","age":56,"email":"aly@imail.com","medications":["aznol:200mg"],"allergies":["nillacilan"]}]; TIM TAKEN=6
2022-09-22 10:00:28.774  INFO 24864 --- [http-nio-9091-exec-8] c.o.api.controller.PersonController      : GET http://localhost:9091/communityEmail?city=<city>
2022-09-22 10:00:28.775  INFO 24864 --- [http-nio-9091-exec-8] c.o.api.service.ServiceClassImpl         : Get Email By City 
2022-09-22 10:00:28.775  INFO 24864 --- [http-nio-9091-exec-8] c.o.api.controller.PersonController      : [jaboyd@email.com, drk@email.com, tenz@email.com, jaboyd@email.com, jaboyd@email.com, drk@email.com, tenz@email.com, jaboyd@email.com, jaboyd@email.com, tcoop@ymail.com, lily@email.com, soph@email.com, ward@email.com, zarc@email.com, reg@email.com, jpeter@email.com, jpeter@email.com, aly@imail.com, bstel@email.com, ssanw@email.com, bstel@email.com, clivfd@ymail.com, gramps@email.com]
2022-09-22 10:00:28.776  INFO 24864 --- [http-nio-9091-exec-8] c.o.api.configuration.LoggingFilter      : FINISHED PROCESSING : METHOD=GET; REQUESTURI=/communityEmail; REQUEST PAYLOAD=; RESPONSE CODE=200; RESPONSE=["jaboyd@email.com","drk@email.com","tenz@email.com","jaboyd@email.com","jaboyd@email.com","drk@email.com","tenz@email.com","jaboyd@email.com","jaboyd@email.com","tcoop@ymail.com","lily@email.com","soph@email.com","ward@email.com","zarc@email.com","reg@email.com","jpeter@email.com","jpeter@email.com","aly@imail.com","bstel@email.com","ssanw@email.com","bstel@email.com","clivfd@ymail.com","gramps@email.com"]; TIM TAKEN=3
2022-09-22 10:26:39.615  INFO 24864 --- [restartedMain] com.openclassrooms.api.ApiApplication    : Starting ApiApplication using Java 13.0.1 on MacBook-Pro with PID 24864 (/Users/new/eclipse-workspace/p5/target/classes started by new in /Users/new/eclipse-workspace/p5)
2022-09-22 10:26:39.616  INFO 24864 --- [restartedMain] com.openclassrooms.api.ApiApplication    : No active profile set, falling back to 1 default profile: "default"
2022-09-22 10:26:39.923  INFO 24864 --- [restartedMain] o.s.b.w.embedded.tomcat.TomcatWebServer  : Tomcat initialized with port(s): 9091 (http)
2022-09-22 10:26:40.254  INFO 24864 --- [restartedMain] o.s.b.w.embedded.tomcat.TomcatWebServer  : Tomcat started on port(s): 9091 (http) with context path ''
2022-09-22 10:26:40.266  INFO 24864 --- [restartedMain] com.openclassrooms.api.ApiApplication    : Started ApiApplication in 0.697 seconds (JVM running for 1838.47)
2022-09-22 10:27:07.940  INFO 24864 --- [restartedMain] com.openclassrooms.api.ApiApplication    : Starting ApiApplication using Java 13.0.1 on MacBook-Pro with PID 24864 (/Users/new/eclipse-workspace/p5/target/classes started by new in /Users/new/eclipse-workspace/p5)
2022-09-22 10:27:07.941  INFO 24864 --- [restartedMain] com.openclassrooms.api.ApiApplication    : No active profile set, falling back to 1 default profile: "default"
2022-09-22 10:27:08.254  INFO 24864 --- [restartedMain] o.s.b.w.embedded.tomcat.TomcatWebServer  : Tomcat initialized with port(s): 9091 (http)
2022-09-22 10:27:08.567  INFO 24864 --- [restartedMain] o.s.b.w.embedded.tomcat.TomcatWebServer  : Tomcat started on port(s): 9091 (http) with context path ''
2022-09-22 10:27:08.577  INFO 24864 --- [restartedMain] com.openclassrooms.api.ApiApplication    : Started ApiApplication in 0.661 seconds (JVM running for 1866.781)
2022-09-22 10:28:00.509  INFO 24864 --- [restartedMain] com.openclassrooms.api.ApiApplication    : Starting ApiApplication using Java 13.0.1 on MacBook-Pro with PID 24864 (/Users/new/eclipse-workspace/p5/target/classes started by new in /Users/new/eclipse-workspace/p5)
2022-09-22 10:28:00.509  INFO 24864 --- [restartedMain] com.openclassrooms.api.ApiApplication    : No active profile set, falling back to 1 default profile: "default"
2022-09-22 10:28:00.810  INFO 24864 --- [restartedMain] o.s.b.w.embedded.tomcat.TomcatWebServer  : Tomcat initialized with port(s): 9091 (http)
2022-09-22 10:28:01.132  INFO 24864 --- [restartedMain] o.s.b.w.embedded.tomcat.TomcatWebServer  : Tomcat started on port(s): 9091 (http) with context path ''
2022-09-22 10:28:01.142  INFO 24864 --- [restartedMain] com.openclassrooms.api.ApiApplication    : Started ApiApplication in 0.676 seconds (JVM running for 1919.347)
2022-09-22 10:33:57.509  INFO 24864 --- [restartedMain] com.openclassrooms.api.ApiApplication    : Starting ApiApplication using Java 13.0.1 on MacBook-Pro with PID 24864 (/Users/new/eclipse-workspace/p5/target/classes started by new in /Users/new/eclipse-workspace/p5)
2022-09-22 10:33:57.509  INFO 24864 --- [restartedMain] com.openclassrooms.api.ApiApplication    : No active profile set, falling back to 1 default profile: "default"
2022-09-22 10:33:57.812  INFO 24864 --- [restartedMain] o.s.b.w.embedded.tomcat.TomcatWebServer  : Tomcat initialized with port(s): 9091 (http)
2022-09-22 10:33:58.170  INFO 24864 --- [restartedMain] o.s.b.w.embedded.tomcat.TomcatWebServer  : Tomcat started on port(s): 9091 (http) with context path ''
2022-09-22 10:33:58.181  INFO 24864 --- [restartedMain] com.openclassrooms.api.ApiApplication    : Started ApiApplication in 0.705 seconds (JVM running for 2276.391)
2022-09-22 10:35:34.481  INFO 24864 --- [restartedMain] com.openclassrooms.api.ApiApplication    : Starting ApiApplication using Java 13.0.1 on MacBook-Pro with PID 24864 (/Users/new/eclipse-workspace/p5/target/classes started by new in /Users/new/eclipse-workspace/p5)
2022-09-22 10:35:34.481  INFO 24864 --- [restartedMain] com.openclassrooms.api.ApiApplication    : No active profile set, falling back to 1 default profile: "default"
2022-09-22 10:35:34.769  INFO 24864 --- [restartedMain] o.s.b.w.embedded.tomcat.TomcatWebServer  : Tomcat initialized with port(s): 9091 (http)
2022-09-22 10:35:35.074  INFO 24864 --- [restartedMain] o.s.b.w.embedded.tomcat.TomcatWebServer  : Tomcat started on port(s): 9091 (http) with context path ''
2022-09-22 10:35:35.084  INFO 24864 --- [restartedMain] com.openclassrooms.api.ApiApplication    : Started ApiApplication in 0.636 seconds (JVM running for 2373.295)
2022-09-22 10:35:51.695  INFO 24864 --- [restartedMain] com.openclassrooms.api.ApiApplication    : Starting ApiApplication using Java 13.0.1 on MacBook-Pro with PID 24864 (/Users/new/eclipse-workspace/p5/target/classes started by new in /Users/new/eclipse-workspace/p5)
2022-09-22 10:35:51.695  INFO 24864 --- [restartedMain] com.openclassrooms.api.ApiApplication    : No active profile set, falling back to 1 default profile: "default"
2022-09-22 10:35:51.964  INFO 24864 --- [restartedMain] o.s.b.w.embedded.tomcat.TomcatWebServer  : Tomcat initialized with port(s): 9091 (http)
2022-09-22 10:35:52.338  INFO 24864 --- [restartedMain] o.s.b.w.embedded.tomcat.TomcatWebServer  : Tomcat started on port(s): 9091 (http) with context path ''
2022-09-22 10:35:52.348  INFO 24864 --- [restartedMain] com.openclassrooms.api.ApiApplication    : Started ApiApplication in 0.678 seconds (JVM running for 2390.56)
2022-09-22 10:36:05.543  INFO 38083 --- [restartedMain] com.openclassrooms.api.ApiApplication    : Starting ApiApplication using Java 13.0.1 on MacBook-Pro with PID 38083 (/Users/new/eclipse-workspace/p5/target/classes started by new in /Users/new/eclipse-workspace/p5)
2022-09-22 10:36:05.545  INFO 38083 --- [restartedMain] com.openclassrooms.api.ApiApplication    : No active profile set, falling back to 1 default profile: "default"
2022-09-22 10:36:07.324  INFO 38083 --- [restartedMain] o.s.b.w.embedded.tomcat.TomcatWebServer  : Tomcat initialized with port(s): 9091 (http)
2022-09-22 10:36:08.903  INFO 38083 --- [RMI TCP Connection(3)-127.0.0.1] o.s.web.servlet.DispatcherServlet        : Initializing Servlet 'dispatcherServlet'
2022-09-22 10:36:09.009  INFO 38083 --- [RMI TCP Connection(3)-127.0.0.1] o.s.web.servlet.DispatcherServlet        : Completed initialization in 105 ms
2022-09-22 10:36:09.121  INFO 38083 --- [restartedMain] o.s.b.w.embedded.tomcat.TomcatWebServer  : Tomcat started on port(s): 9091 (http) with context path ''
2022-09-22 10:36:09.127  INFO 38083 --- [restartedMain] com.openclassrooms.api.ApiApplication    : Started ApiApplication in 3.99 seconds (JVM running for 4.771)
2022-09-22 10:36:58.031  INFO 38083 --- [restartedMain] com.openclassrooms.api.ApiApplication    : Starting ApiApplication using Java 13.0.1 on MacBook-Pro with PID 38083 (/Users/new/eclipse-workspace/p5/target/classes started by new in /Users/new/eclipse-workspace/p5)
2022-09-22 10:36:58.033  INFO 38083 --- [restartedMain] com.openclassrooms.api.ApiApplication    : No active profile set, falling back to 1 default profile: "default"
2022-09-22 10:36:58.395  INFO 38083 --- [restartedMain] o.s.b.w.embedded.tomcat.TomcatWebServer  : Tomcat initialized with port(s): 9091 (http)
2022-09-22 10:36:58.816  INFO 38083 --- [restartedMain] o.s.b.w.embedded.tomcat.TomcatWebServer  : Tomcat started on port(s): 9091 (http) with context path ''
2022-09-22 10:36:58.829  INFO 38083 --- [restartedMain] com.openclassrooms.api.ApiApplication    : Started ApiApplication in 0.843 seconds (JVM running for 54.473)
2022-09-22 10:37:04.937  INFO 40969 --- [restartedMain] com.openclassrooms.api.ApiApplication    : Starting ApiApplication using Java 13.0.1 on MacBook-Pro with PID 40969 (/Users/new/eclipse-workspace/p5/target/classes started by new in /Users/new/eclipse-workspace/p5)
2022-09-22 10:37:04.938  INFO 40969 --- [restartedMain] com.openclassrooms.api.ApiApplication    : No active profile set, falling back to 1 default profile: "default"
2022-09-22 10:37:06.341  INFO 40969 --- [restartedMain] o.s.b.w.embedded.tomcat.TomcatWebServer  : Tomcat initialized with port(s): 9091 (http)
2022-09-22 10:37:08.167  INFO 40969 --- [restartedMain] o.s.b.w.embedded.tomcat.TomcatWebServer  : Tomcat started on port(s): 9091 (http) with context path ''
2022-09-22 10:37:08.189  INFO 40969 --- [restartedMain] com.openclassrooms.api.ApiApplication    : Started ApiApplication in 3.559 seconds (JVM running for 4.152)
2022-09-22 10:37:09.064  INFO 40969 --- [RMI TCP Connection(3)-127.0.0.1] o.s.web.servlet.DispatcherServlet        : Initializing Servlet 'dispatcherServlet'
2022-09-22 10:37:09.067  INFO 40969 --- [RMI TCP Connection(3)-127.0.0.1] o.s.web.servlet.DispatcherServlet        : Completed initialization in 2 ms
2022-09-22 10:37:12.570  INFO 40969 --- [http-nio-9091-exec-1] c.o.api.controller.PersonController      : GET http://localhost:9091/childAlert?address=<address>
2022-09-22 10:37:12.571  INFO 40969 --- [http-nio-9091-exec-1] c.o.api.service.ServiceClassImpl         :  ChildAlert EndPoint
2022-09-22 10:37:12.571  INFO 40969 --- [http-nio-9091-exec-1] c.o.api.service.ServiceClassImpl         :  Get the list of the child live in this addresse1509 Culver St
2022-09-22 10:37:12.582 DEBUG 40969 --- [http-nio-9091-exec-1] c.o.api.service.ServiceClassImpl         : Calculate Age for this Birthdate : 03/06/1984
2022-09-22 10:37:12.590 DEBUG 40969 --- [http-nio-9091-exec-1] c.o.api.service.ServiceClassImpl         : Calculate Age for this Birthdate : 03/06/1989
2022-09-22 10:37:12.590 DEBUG 40969 --- [http-nio-9091-exec-1] c.o.api.service.ServiceClassImpl         : Calculate Age for this Birthdate : 02/18/2012
2022-09-22 10:37:12.591 DEBUG 40969 --- [http-nio-9091-exec-1] c.o.api.service.ServiceClassImpl         : Calculate Age for this Birthdate : 09/06/2017
2022-09-22 10:37:12.591 DEBUG 40969 --- [http-nio-9091-exec-1] c.o.api.service.ServiceClassImpl         : Calculate Age for this Birthdate : 01/08/1986
2022-09-22 10:37:12.607  INFO 40969 --- [http-nio-9091-exec-1] c.o.api.configuration.LoggingFilter      : FINISHED PROCESSING : METHOD=GET; REQUESTURI=/childAlert; REQUEST PAYLOAD=; RESPONSE CODE=200; RESPONSE=[{"firstname":"Tenley","lastname":"Boyd","age":9,"personalert":[{"firstname":"John","lastname":"Boyd","age":38},{"firstname":"Jacob","lastname":"Boyd","age":33},{"firstname":"Felicia","lastname":"Boyd","age":36}]},{"firstname":"Roger","lastname":"Boyd","age":5,"personalert":[{"firstname":"John","lastname":"Boyd","age":38},{"firstname":"Jacob","lastname":"Boyd","age":33},{"firstname":"Felicia","lastname":"Boyd","age":36}]}]; TIM TAKEN=60
2022-09-22 10:46:53.396  INFO 40969 --- [restartedMain] com.openclassrooms.api.ApiApplication    : Starting ApiApplication using Java 13.0.1 on MacBook-Pro with PID 40969 (/Users/new/eclipse-workspace/p5/target/classes started by new in /Users/new/eclipse-workspace/p5)
2022-09-22 10:46:53.399  INFO 40969 --- [restartedMain] com.openclassrooms.api.ApiApplication    : No active profile set, falling back to 1 default profile: "default"
2022-09-22 10:46:53.711  INFO 40969 --- [restartedMain] o.s.b.w.embedded.tomcat.TomcatWebServer  : Tomcat initialized with port(s): 9091 (http)
2022-09-22 10:46:54.031  INFO 40969 --- [restartedMain] o.s.b.w.embedded.tomcat.TomcatWebServer  : Tomcat started on port(s): 9091 (http) with context path ''
2022-09-22 10:46:54.046  INFO 40969 --- [restartedMain] com.openclassrooms.api.ApiApplication    : Started ApiApplication in 0.691 seconds (JVM running for 590.077)
2022-09-22 10:53:57.346  INFO 40969 --- [restartedMain] com.openclassrooms.api.ApiApplication    : Starting ApiApplication using Java 13.0.1 on MacBook-Pro with PID 40969 (/Users/new/eclipse-workspace/p5/target/classes started by new in /Users/new/eclipse-workspace/p5)
2022-09-22 10:53:57.346  INFO 40969 --- [restartedMain] com.openclassrooms.api.ApiApplication    : No active profile set, falling back to 1 default profile: "default"
2022-09-22 10:53:57.663  INFO 40969 --- [restartedMain] o.s.b.w.embedded.tomcat.TomcatWebServer  : Tomcat initialized with port(s): 9091 (http)
2022-09-22 10:53:58.009  INFO 40969 --- [restartedMain] o.s.b.w.embedded.tomcat.TomcatWebServer  : Tomcat started on port(s): 9091 (http) with context path ''
2022-09-22 10:53:58.024  INFO 40969 --- [restartedMain] com.openclassrooms.api.ApiApplication    : Started ApiApplication in 0.722 seconds (JVM running for 951.46)
2022-09-22 11:01:01.903  INFO 40969 --- [restartedMain] com.openclassrooms.api.ApiApplication    : Starting ApiApplication using Java 13.0.1 on MacBook-Pro with PID 40969 (/Users/new/eclipse-workspace/p5/target/classes started by new in /Users/new/eclipse-workspace/p5)
2022-09-22 11:01:01.904  INFO 40969 --- [restartedMain] com.openclassrooms.api.ApiApplication    : No active profile set, falling back to 1 default profile: "default"
2022-09-22 11:01:02.220  INFO 40969 --- [restartedMain] o.s.b.w.embedded.tomcat.TomcatWebServer  : Tomcat initialized with port(s): 9091 (http)
2022-09-22 11:01:02.539  INFO 40969 --- [restartedMain] o.s.b.w.embedded.tomcat.TomcatWebServer  : Tomcat started on port(s): 9091 (http) with context path ''
2022-09-22 11:01:02.550  INFO 40969 --- [restartedMain] com.openclassrooms.api.ApiApplication    : Started ApiApplication in 0.684 seconds (JVM running for 1376.003)
2022-09-22 11:01:36.302  INFO 40969 --- [restartedMain] com.openclassrooms.api.ApiApplication    : Starting ApiApplication using Java 13.0.1 on MacBook-Pro with PID 40969 (/Users/new/eclipse-workspace/p5/target/classes started by new in /Users/new/eclipse-workspace/p5)
2022-09-22 11:01:36.302  INFO 40969 --- [restartedMain] com.openclassrooms.api.ApiApplication    : No active profile set, falling back to 1 default profile: "default"
2022-09-22 11:01:36.577  INFO 40969 --- [restartedMain] o.s.b.w.embedded.tomcat.TomcatWebServer  : Tomcat initialized with port(s): 9091 (http)
2022-09-22 11:01:36.877  INFO 40969 --- [restartedMain] o.s.b.w.embedded.tomcat.TomcatWebServer  : Tomcat started on port(s): 9091 (http) with context path ''
2022-09-22 11:01:36.892  INFO 40969 --- [restartedMain] com.openclassrooms.api.ApiApplication    : Started ApiApplication in 0.615 seconds (JVM running for 1410.346)
2022-09-22 11:01:57.516  INFO 40969 --- [restartedMain] com.openclassrooms.api.ApiApplication    : Starting ApiApplication using Java 13.0.1 on MacBook-Pro with PID 40969 (/Users/new/eclipse-workspace/p5/target/classes started by new in /Users/new/eclipse-workspace/p5)
2022-09-22 11:01:57.517  INFO 40969 --- [restartedMain] com.openclassrooms.api.ApiApplication    : No active profile set, falling back to 1 default profile: "default"
2022-09-22 11:01:57.782  INFO 40969 --- [restartedMain] o.s.b.w.embedded.tomcat.TomcatWebServer  : Tomcat initialized with port(s): 9091 (http)
2022-09-22 11:01:58.092  INFO 40969 --- [restartedMain] o.s.b.w.embedded.tomcat.TomcatWebServer  : Tomcat started on port(s): 9091 (http) with context path ''
2022-09-22 11:01:58.101  INFO 40969 --- [restartedMain] com.openclassrooms.api.ApiApplication    : Started ApiApplication in 0.607 seconds (JVM running for 1431.555)
2022-09-22 11:24:12.638  INFO 40969 --- [restartedMain] com.openclassrooms.api.ApiApplication    : Starting ApiApplication using Java 13.0.1 on MacBook-Pro with PID 40969 (/Users/new/eclipse-workspace/p5/target/classes started by new in /Users/new/eclipse-workspace/p5)
2022-09-22 11:24:12.640  INFO 40969 --- [restartedMain] com.openclassrooms.api.ApiApplication    : No active profile set, falling back to 1 default profile: "default"
2022-09-22 11:24:12.925  INFO 40969 --- [restartedMain] o.s.b.w.embedded.tomcat.TomcatWebServer  : Tomcat initialized with port(s): 9091 (http)
2022-09-22 11:24:13.240  INFO 40969 --- [restartedMain] o.s.b.w.embedded.tomcat.TomcatWebServer  : Tomcat started on port(s): 9091 (http) with context path ''
2022-09-22 11:24:13.252  INFO 40969 --- [restartedMain] com.openclassrooms.api.ApiApplication    : Started ApiApplication in 0.797 seconds (JVM running for 2680.717)
2022-09-22 11:29:22.353  INFO 40969 --- [restartedMain] com.openclassrooms.api.ApiApplication    : Starting ApiApplication using Java 13.0.1 on MacBook-Pro with PID 40969 (/Users/new/eclipse-workspace/p5/target/classes started by new in /Users/new/eclipse-workspace/p5)
2022-09-22 11:29:22.353  INFO 40969 --- [restartedMain] com.openclassrooms.api.ApiApplication    : No active profile set, falling back to 1 default profile: "default"
2022-09-22 11:29:22.617  INFO 40969 --- [restartedMain] o.s.b.w.embedded.tomcat.TomcatWebServer  : Tomcat initialized with port(s): 9091 (http)
2022-09-22 11:29:22.907  INFO 40969 --- [restartedMain] o.s.b.w.embedded.tomcat.TomcatWebServer  : Tomcat started on port(s): 9091 (http) with context path ''
2022-09-22 11:29:22.918  INFO 40969 --- [restartedMain] com.openclassrooms.api.ApiApplication    : Started ApiApplication in 0.597 seconds (JVM running for 2990.395)
